-------------------------------------------------------------------------------
Test set: TestSuite
-------------------------------------------------------------------------------
Tests run: 3, Failures: 3, Errors: 0, Skipped: 0, Time elapsed: 43.55 s <<< FAILURE! - in TestSuite
Tests1(com.grid.testcases.SeleniumStandaloneServerTest)  Time elapsed: 13.591 s  <<< FAILURE!
org.openqa.selenium.SessionNotCreatedException: 
Could not start a new session. Response code 500. Message: Could not start a new session. Error while creating session with the driver service. Stopping driver service: Could not start a new session. Response code 500. Message: session not created: This version of ChromeDriver only supports Chrome version 107
Current browser version is 106.0.5249.119 with binary path C:\Program Files\Google\Chrome\Application\chrome.exe 
Host info: host: 'INLEN8520044124', ip: '192.168.1.3'
Build info: version: '4.5.0', revision: 'fe167b119a'
System info: os.name: 'Windows 10', os.arch: 'amd64', os.version: '10.0', java.version: '11.0.12'
Driver info: driver.version: unknown
Build info: version: '4.5.0', revision: 'fe167b119a'
System info: os.name: 'Windows 10', os.arch: 'amd64', os.version: '10.0', java.version: '11.0.12'
Driver info: driver.version: unknown
Build info: version: '4.5.0', revision: 'fe167b119a'
System info: os.name: 'Windows 11', os.arch: 'amd64', os.version: '10.0', java.version: '18.0.1.1'
Driver info: org.openqa.selenium.remote.RemoteWebDriver
Command: [null, newSession {capabilities=[Capabilities {browserName: chrome, goog:chromeOptions: {args: [--start-maximized, --ignore-certificate-errors, --disable-popup-blocking], extensions: []}, platformName: WINDOWS, se:name: My simple test, se:sampleMetadata: Sample metadata value}], desiredCapabilities=Capabilities {browserName: chrome, goog:chromeOptions: {args: [--start-maximized, --ignore-certificate-errors, --disable-popup-blocking], extensions: []}, platformName: WINDOWS, se:name: My simple test, se:sampleMetadata: Sample metadata value}}]
Capabilities {}
	at com.grid.testcases.SeleniumStandaloneServerTest.Tests1(SeleniumStandaloneServerTest.java:27)

Tests1(com.grid.testcases.SeleniumStandaloneServerTest)  Time elapsed: 14.63 s  <<< FAILURE!
org.openqa.selenium.SessionNotCreatedException: 
Could not start a new session. Response code 500. Message: Could not start a new session. Error while creating session with the driver service. Stopping driver service: Could not start a new session. Response code 500. Message: session not created: This version of ChromeDriver only supports Chrome version 107
Current browser version is 106.0.5249.119 with binary path C:\Program Files\Google\Chrome\Application\chrome.exe 
Host info: host: 'INLEN8520044124', ip: '192.168.1.3'
Build info: version: '4.5.0', revision: 'fe167b119a'
System info: os.name: 'Windows 10', os.arch: 'amd64', os.version: '10.0', java.version: '11.0.12'
Driver info: driver.version: unknown
Build info: version: '4.5.0', revision: 'fe167b119a'
System info: os.name: 'Windows 10', os.arch: 'amd64', os.version: '10.0', java.version: '11.0.12'
Driver info: driver.version: unknown
Build info: version: '4.5.0', revision: 'fe167b119a'
System info: os.name: 'Windows 11', os.arch: 'amd64', os.version: '10.0', java.version: '18.0.1.1'
Driver info: org.openqa.selenium.remote.RemoteWebDriver
Command: [null, newSession {capabilities=[Capabilities {browserName: chrome, goog:chromeOptions: {args: [--start-maximized, --ignore-certificate-errors, --disable-popup-blocking], extensions: []}, platformName: WINDOWS, se:name: My simple test, se:sampleMetadata: Sample metadata value}], desiredCapabilities=Capabilities {browserName: chrome, goog:chromeOptions: {args: [--start-maximized, --ignore-certificate-errors, --disable-popup-blocking], extensions: []}, platformName: WINDOWS, se:name: My simple test, se:sampleMetadata: Sample metadata value}}]
Capabilities {}
	at com.grid.testcases.SeleniumStandaloneServerTest.Tests1(SeleniumStandaloneServerTest.java:27)

Tests1(com.grid.testcases.SeleniumStandaloneServerTest)  Time elapsed: 14.977 s  <<< FAILURE!
org.openqa.selenium.SessionNotCreatedException: 
Could not start a new session. Response code 500. Message: Could not start a new session. Error while creating session with the driver service. Stopping driver service: Could not start a new session. Response code 500. Message: session not created: This version of ChromeDriver only supports Chrome version 107
Current browser version is 106.0.5249.119 with binary path C:\Program Files\Google\Chrome\Application\chrome.exe 
Host info: host: 'INLEN8520044124', ip: '192.168.1.3'
Build info: version: '4.5.0', revision: 'fe167b119a'
System info: os.name: 'Windows 10', os.arch: 'amd64', os.version: '10.0', java.version: '11.0.12'
Driver info: driver.version: unknown
Build info: version: '4.5.0', revision: 'fe167b119a'
System info: os.name: 'Windows 10', os.arch: 'amd64', os.version: '10.0', java.version: '11.0.12'
Driver info: driver.version: unknown
Build info: version: '4.5.0', revision: 'fe167b119a'
System info: os.name: 'Windows 11', os.arch: 'amd64', os.version: '10.0', java.version: '18.0.1.1'
Driver info: org.openqa.selenium.remote.RemoteWebDriver
Command: [null, newSession {capabilities=[Capabilities {browserName: chrome, goog:chromeOptions: {args: [--start-maximized, --ignore-certificate-errors, --disable-popup-blocking], extensions: []}, platformName: WINDOWS, se:name: My simple test, se:sampleMetadata: Sample metadata value}], desiredCapabilities=Capabilities {browserName: chrome, goog:chromeOptions: {args: [--start-maximized, --ignore-certificate-errors, --disable-popup-blocking], extensions: []}, platformName: WINDOWS, se:name: My simple test, se:sampleMetadata: Sample metadata value}}]
Capabilities {}
	at com.grid.testcases.SeleniumStandaloneServerTest.Tests1(SeleniumStandaloneServerTest.java:27)

